Flow report for projetoSD
Thu Feb 17 09:21:41 2022
Quartus Prime Version 17.0.0 Build 595 04/25/2017 SJ Lite Edition


---------------------
; Table of Contents ;
---------------------
  1. Legal Notice
  2. Flow Summary
  3. Flow Settings
  4. Flow Non-Default Global Settings
  5. Flow Elapsed Time
  6. Flow OS Summary
  7. Flow Log
  8. Flow Messages
  9. Flow Suppressed Messages



----------------
; Legal Notice ;
----------------
Copyright (C) 2017  Intel Corporation. All rights reserved.
Your use of Intel Corporation's design tools, logic functions 
and other software and tools, and its AMPP partner logic 
functions, and any output files from any of the foregoing 
(including device programming or simulation files), and any 
associated documentation or information are expressly subject 
to the terms and conditions of the Intel Program License 
Subscription Agreement, the Intel Quartus Prime License Agreement,
the Intel MegaCore Function License Agreement, or other 
applicable license agreement, including, without limitation, 
that your use is for the sole purpose of programming logic 
devices manufactured by Intel and sold by Intel or its 
authorized distributors.  Please refer to the applicable 
agreement for further details.



+-------------------------------------------------------------------------------+
; Flow Summary                                                                  ;
+---------------------------------+---------------------------------------------+
; Flow Status                     ; Successful - Thu Feb 17 09:21:41 2022       ;
; Quartus Prime Version           ; 17.0.0 Build 595 04/25/2017 SJ Lite Edition ;
; Revision Name                   ; projetoSD                                   ;
; Top-level Entity Name           ; projetoSD                                   ;
; Family                          ; Cyclone V                                   ;
; Device                          ; 5CGXFC9E6F35C7                              ;
; Timing Models                   ; Final                                       ;
; Logic utilization (in ALMs)     ; 7,379 / 113,560 ( 6 % )                     ;
; Total registers                 ; 13158                                       ;
; Total pins                      ; 233 / 616 ( 38 % )                          ;
; Total virtual pins              ; 0                                           ;
; Total block memory bits         ; 18,282 / 12,492,800 ( < 1 % )               ;
; Total DSP Blocks                ; 50 / 342 ( 15 % )                           ;
; Total HSSI RX PCSs              ; 0 / 12 ( 0 % )                              ;
; Total HSSI PMA RX Deserializers ; 0 / 12 ( 0 % )                              ;
; Total HSSI TX PCSs              ; 0 / 12 ( 0 % )                              ;
; Total HSSI PMA TX Serializers   ; 0 / 12 ( 0 % )                              ;
; Total PLLs                      ; 0 / 20 ( 0 % )                              ;
; Total DLLs                      ; 0 / 4 ( 0 % )                               ;
+---------------------------------+---------------------------------------------+


+-----------------------------------------+
; Flow Settings                           ;
+-------------------+---------------------+
; Option            ; Setting             ;
+-------------------+---------------------+
; Start date & time ; 02/17/2022 09:08:45 ;
; Main task         ; Compilation         ;
; Revision Name     ; projetoSD           ;
+-------------------+---------------------+


+-----------------------------------------------------------------------------------------------------------------------------+
; Flow Non-Default Global Settings                                                                                            ;
+-------------------------------------+----------------------------------------+---------------+-------------+----------------+
; Assignment Name                     ; Value                                  ; Default Value ; Entity Name ; Section Id     ;
+-------------------------------------+----------------------------------------+---------------+-------------+----------------+
; COMPILER_SIGNATURE_ID               ; 202883601455273.164509972403120        ; --            ; --          ; --             ;
; EDA_OUTPUT_DATA_FORMAT              ; Vhdl                                   ; --            ; --          ; eda_simulation ;
; EDA_SIMULATION_TOOL                 ; ModelSim-Altera (VHDL)                 ; <None>        ; --          ; --             ;
; MAX_CORE_JUNCTION_TEMP              ; 85                                     ; --            ; --          ; --             ;
; MIN_CORE_JUNCTION_TEMP              ; 0                                      ; --            ; --          ; --             ;
; MISC_FILE                           ; MULT_Float.bsf                         ; --            ; --          ; --             ;
; MISC_FILE                           ; MULT_Float_inst.vhd                    ; --            ; --          ; --             ;
; MISC_FILE                           ; MULT_Float.inc                         ; --            ; --          ; --             ;
; MISC_FILE                           ; MULT_Float.cmp                         ; --            ; --          ; --             ;
; MISC_FILE                           ; Subtrator.bsf                          ; --            ; --          ; --             ;
; MISC_FILE                           ; Subtrator_inst.vhd                     ; --            ; --          ; --             ;
; MISC_FILE                           ; Subtrator.inc                          ; --            ; --          ; --             ;
; MISC_FILE                           ; Subtrator.cmp                          ; --            ; --          ; --             ;
; MISC_FILE                           ; components/Convert_INT_Float.bsf       ; --            ; --          ; --             ;
; MISC_FILE                           ; components/Convert_INT_Float_inst.vhd  ; --            ; --          ; --             ;
; MISC_FILE                           ; components/Convert_INT_Float.inc       ; --            ; --          ; --             ;
; MISC_FILE                           ; components/Convert_INT_Float.cmp       ; --            ; --          ; --             ;
; MISC_FILE                           ; components/CONST_Value_1.bsf           ; --            ; --          ; --             ;
; MISC_FILE                           ; components/CONST_Value_1_inst.vhd      ; --            ; --          ; --             ;
; MISC_FILE                           ; components/CONST_Value_1.inc           ; --            ; --          ; --             ;
; MISC_FILE                           ; components/CONST_Value_1.cmp           ; --            ; --          ; --             ;
; MISC_FILE                           ; components/INT31BtoFloat.bsf           ; --            ; --          ; --             ;
; MISC_FILE                           ; components/INT31BtoFloat_inst.vhd      ; --            ; --          ; --             ;
; MISC_FILE                           ; components/INT31BtoFloat.inc           ; --            ; --          ; --             ;
; MISC_FILE                           ; components/INT31BtoFloat.cmp           ; --            ; --          ; --             ;
; MISC_FILE                           ; soma.bsf                               ; --            ; --          ; --             ;
; MISC_FILE                           ; soma_inst.vhd                          ; --            ; --          ; --             ;
; MISC_FILE                           ; soma.inc                               ; --            ; --          ; --             ;
; MISC_FILE                           ; soma.cmp                               ; --            ; --          ; --             ;
; MISC_FILE                           ; const_sigma.bsf                        ; --            ; --          ; --             ;
; MISC_FILE                           ; const_sigma_inst.vhd                   ; --            ; --          ; --             ;
; MISC_FILE                           ; const_sigma.inc                        ; --            ; --          ; --             ;
; MISC_FILE                           ; const_sigma.cmp                        ; --            ; --          ; --             ;
; MISC_FILE                           ; divfloat.bsf                           ; --            ; --          ; --             ;
; MISC_FILE                           ; divfloat_inst.vhd                      ; --            ; --          ; --             ;
; MISC_FILE                           ; divfloat.inc                           ; --            ; --          ; --             ;
; MISC_FILE                           ; divfloat.cmp                           ; --            ; --          ; --             ;
; MISC_FILE                           ; trocarsinal.bsf                        ; --            ; --          ; --             ;
; MISC_FILE                           ; trocarsinal_inst.vhd                   ; --            ; --          ; --             ;
; MISC_FILE                           ; trocarsinal.inc                        ; --            ; --          ; --             ;
; MISC_FILE                           ; trocarsinal.cmp                        ; --            ; --          ; --             ;
; MISC_FILE                           ; menosum.bsf                            ; --            ; --          ; --             ;
; MISC_FILE                           ; menosum_inst.vhd                       ; --            ; --          ; --             ;
; MISC_FILE                           ; menosum.inc                            ; --            ; --          ; --             ;
; MISC_FILE                           ; menosum.cmp                            ; --            ; --          ; --             ;
; MISC_FILE                           ; exponencial.bsf                        ; --            ; --          ; --             ;
; MISC_FILE                           ; exponencial_inst.vhd                   ; --            ; --          ; --             ;
; MISC_FILE                           ; exponencial.inc                        ; --            ; --          ; --             ;
; MISC_FILE                           ; exponencial.cmp                        ; --            ; --          ; --             ;
; PARTITION_COLOR                     ; -- (Not supported for targeted family) ; --            ; --          ; Top            ;
; PARTITION_FITTER_PRESERVATION_LEVEL ; -- (Not supported for targeted family) ; --            ; --          ; Top            ;
; PARTITION_NETLIST_TYPE              ; -- (Not supported for targeted family) ; --            ; --          ; Top            ;
; POWER_BOARD_THERMAL_MODEL           ; None (CONSERVATIVE)                    ; --            ; --          ; --             ;
; POWER_PRESET_COOLING_SOLUTION       ; 23 MM HEAT SINK WITH 200 LFPM AIRFLOW  ; --            ; --          ; --             ;
; PROJECT_OUTPUT_DIRECTORY            ; output_files                           ; --            ; --          ; --             ;
+-------------------------------------+----------------------------------------+---------------+-------------+----------------+


+-------------------------------------------------------------------------------------------------------------------------------+
; Flow Elapsed Time                                                                                                             ;
+---------------------------+--------------+-------------------------+---------------------+------------------------------------+
; Module Name               ; Elapsed Time ; Average Processors Used ; Peak Virtual Memory ; Total CPU Time (on all processors) ;
+---------------------------+--------------+-------------------------+---------------------+------------------------------------+
; Analysis & Synthesis      ; 00:01:37     ; 1.5                     ; 5288 MB             ; 00:02:35                           ;
; Fitter                    ; 00:07:14     ; 1.3                     ; 7880 MB             ; 00:18:17                           ;
; Assembler                 ; 00:00:30     ; 1.0                     ; 5004 MB             ; 00:00:29                           ;
; TimeQuest Timing Analyzer ; 00:01:07     ; 2.7                     ; 5806 MB             ; 00:02:27                           ;
; EDA Netlist Writer        ; 00:00:16     ; 1.0                     ; 5031 MB             ; 00:00:14                           ;
; EDA Netlist Writer        ; 00:00:05     ; 1.0                     ; 4878 MB             ; 00:00:05                           ;
; EDA Netlist Writer        ; 00:00:12     ; 1.0                     ; 4910 MB             ; 00:00:12                           ;
; Total                     ; 00:11:01     ; --                      ; --                  ; 00:24:19                           ;
+---------------------------+--------------+-------------------------+---------------------+------------------------------------+


+-----------------------------------------------------------------------------------------+
; Flow OS Summary                                                                         ;
+---------------------------+------------------+------------+------------+----------------+
; Module Name               ; Machine Hostname ; OS Name    ; OS Version ; Processor type ;
+---------------------------+------------------+------------+------------+----------------+
; Analysis & Synthesis      ; DESKTOP-I3L8LF5  ; Windows 10 ; 10.0       ; x86_64         ;
; Fitter                    ; DESKTOP-I3L8LF5  ; Windows 10 ; 10.0       ; x86_64         ;
; Assembler                 ; DESKTOP-I3L8LF5  ; Windows 10 ; 10.0       ; x86_64         ;
; TimeQuest Timing Analyzer ; DESKTOP-I3L8LF5  ; Windows 10 ; 10.0       ; x86_64         ;
; EDA Netlist Writer        ; DESKTOP-I3L8LF5  ; Windows 10 ; 10.0       ; x86_64         ;
; EDA Netlist Writer        ; DESKTOP-I3L8LF5  ; Windows 10 ; 10.0       ; x86_64         ;
; EDA Netlist Writer        ; DESKTOP-I3L8LF5  ; Windows 10 ; 10.0       ; x86_64         ;
+---------------------------+------------------+------------+------------+----------------+


------------
; Flow Log ;
------------
quartus_map --read_settings_files=on --write_settings_files=off projetoSD -c projetoSD
quartus_fit --read_settings_files=off --write_settings_files=off projetoSD -c projetoSD
quartus_asm --read_settings_files=off --write_settings_files=off projetoSD -c projetoSD
quartus_sta projetoSD -c projetoSD
quartus_eda --read_settings_files=off --write_settings_files=off projetoSD -c projetoSD
quartus_eda --gen_testbench --tool=modelsim_oem --format=vhdl --write_settings_files=off projetoSD -c projetoSD --vector_source=C:/Users/igorv/Desktop/seila/SVM_project/Waveform1.vwf --testbench_file=C:/Users/igorv/Desktop/seila/SVM_project/simulation/qsim/Waveform1.vwf.vht
quartus_eda --write_settings_files=off --simulation=on --functional=on --flatten_buses=off --tool=modelsim_oem --format=vhdl --output_directory=C:/Users/igorv/Desktop/seila/SVM_project/simulation/qsim/ projetoSD -c projetoSD



